<?xml version="1.0" encoding="UTF-8"?>
<!-- Generated by org.testng.reporters.JUnitReportReporter -->
<testsuite skipped="0" hostname="DESKTOP-DR5LSJT" name="qaclickacademy.AppiumTest" tests="1" failures="0" timestamp="2019-09-21T18:35:13 IST" time="0.013" errors="0">
  <testcase name="testAppium" time="0.013" classname="qaclickacademy.AppiumTest"/>
</testsuite> <!-- qaclickacademy.AppiumTest -->
