<?xml version="1.0" encoding="UTF-8"?>
<!-- Generated by org.testng.reporters.JUnitReportReporter -->
<testsuite skipped="0" hostname="DESKTOP-DR5LSJT" name="qaclickacademy.ParametersInTestng" tests="1" failures="0" timestamp="2019-09-21T19:05:53 IST" time="8.070" errors="0">
  <testcase name="testParameters" time="8.070" classname="qaclickacademy.ParametersInTestng"/>
</testsuite> <!-- qaclickacademy.ParametersInTestng -->
