<?xml version="1.0" encoding="UTF-8"?>
<!-- Generated by org.testng.reporters.JUnitReportReporter -->
<testsuite skipped="0" hostname="DESKTOP-DR5LSJT" name="qaclickacademy.BrowsingThroughUdemyTest" tests="1" failures="0" timestamp="2019-09-21T18:58:29 IST" time="11.512" errors="0">
  <testcase name="udemyQuestion" time="11.512" classname="qaclickacademy.BrowsingThroughUdemyTest"/>
</testsuite> <!-- qaclickacademy.BrowsingThroughUdemyTest -->
