<?xml version="1.0" encoding="UTF-8"?>
<!-- Generated by org.testng.reporters.JUnitReportReporter -->
<testsuite skipped="0" hostname="DESKTOP-DR5LSJT" name="qaclickacademy.SeleniumTest" tests="1" failures="0" timestamp="2019-09-21T18:35:13 IST" time="0.002" errors="0">
  <testcase name="testSelenium" time="0.002" classname="qaclickacademy.SeleniumTest"/>
</testsuite> <!-- qaclickacademy.SeleniumTest -->
