<?xml version="1.0" encoding="UTF-8"?>
<!-- Generated by org.testng.reporters.JUnitReportReporter -->
<testsuite skipped="0" hostname="DESKTOP-DR5LSJT" name="qaclickacademy.PerformanceTest" tests="1" failures="0" timestamp="2019-09-21T18:35:28 IST" time="0.001" errors="0">
  <testcase name="testPerformance" time="0.001" classname="qaclickacademy.PerformanceTest"/>
</testsuite> <!-- qaclickacademy.PerformanceTest -->
